2025-11-12 23:41:23,435 - __main__ - INFO - Coze 客户端初始化成功
2025-11-12 23:41:30,710 - __main__ - INFO - Coze 客户端初始化成功
2025-11-12 23:41:30,710 - __main__ - INFO - === 手动运行工作流 ===
2025-11-12 23:41:30,710 - __main__ - INFO - === 定时任务开始执行 ===
2025-11-12 23:41:30,710 - __main__ - INFO - 开始执行工作流 7569877408963231763
2025-11-12 23:42:57,771 - __main__ - INFO - 测试模式：Coze 工作流运行器初始化成功
2025-11-12 23:43:08,038 - __main__ - INFO - 测试模式：Coze 工作流运行器初始化成功
2025-11-12 23:43:08,038 - __main__ - INFO - === 手动运行工作流 (测试模式) ===
2025-11-12 23:43:08,038 - __main__ - INFO - === 定时任务开始执行 (测试模式) ===
2025-11-12 23:43:08,039 - __main__ - INFO - 开始执行工作流 7569877408963231763 (测试模式)
2025-11-12 23:43:08,039 - __main__ - WARNING - 模拟工作流执行失败，将触发重试机制
2025-11-12 23:43:08,039 - __main__ - ERROR - 工作流执行超时 (1800秒): 模拟超时错误
2025-11-12 23:43:10,044 - __main__ - INFO - 开始执行工作流 7569877408963231763 (测试模式)
2025-11-12 23:43:12,049 - __main__ - INFO - 工作流执行成功，耗时: 2.00秒
2025-11-12 23:43:12,049 - __main__ - INFO - 工作流数据: {'workflow_id': '7569877408963231763', 'status': 'success', 'execution_time': 2.0048232078552246, 'message': '测试模式执行成功', 'timestamp': '2025-11-12T23:43:12.049836'}
2025-11-12 23:43:12,050 - __main__ - INFO - === 定时任务执行成功 ===
2025-11-12 23:48:36,287 - __main__ - INFO - Zeabur Coze 工作流运行器初始化成功
2025-11-12 23:48:36,288 - __main__ - INFO - Coze 客户端初始化成功
2025-11-12 23:48:36,288 - __main__ - INFO - === 手动运行工作流 ===
2025-11-12 23:48:36,288 - __main__ - INFO - === 定时任务开始执行 ===
2025-11-12 23:48:36,288 - __main__ - INFO - 开始执行工作流 7569877408963231763
2025-11-12 23:49:03,598 - __main__ - INFO - Zeabur Coze 工作流运行器初始化成功
2025-11-12 23:49:03,598 - __main__ - INFO - Coze 客户端初始化成功
2025-11-12 23:49:03,598 - __main__ - INFO - === 手动运行工作流 ===
2025-11-12 23:49:03,598 - __main__ - INFO - === 定时任务开始执行 ===
2025-11-12 23:49:03,598 - __main__ - INFO - 开始执行工作流 7569877408963231763
2025-11-12 23:49:03,604 - __main__ - INFO - HTTP 服务器启动在端口 8080
2025-11-12 23:49:03,604 - __main__ - INFO - 访问 http://localhost:8080/health 查看健康状态
2025-11-12 23:49:03,604 - __main__ - INFO - 访问 http://localhost:8080/metrics 查看指标
2025-11-12 23:49:10,852 - __main__ - INFO - Zeabur Coze 工作流运行器初始化成功
2025-11-12 23:49:10,853 - __main__ - INFO - Coze 客户端初始化成功
2025-11-12 23:49:10,853 - __main__ - INFO - 定时任务已禁用
2025-11-12 23:49:10,853 - __main__ - INFO - 定时任务已禁用，程序将退出
2025-11-12 23:49:26,861 - __main__ - INFO - HTTP: "GET /health HTTP/1.1" 200 -
2025-11-12 23:49:30,094 - __main__ - INFO - HTTP: "GET / HTTP/1.1" 200 -
2025-11-12 23:49:30,105 - __main__ - INFO - HTTP: "GET /metrics HTTP/1.1" 200 -
