2025-11-06 19:00:51,843 - __main__ - INFO - Starting workflow scheduler...
2025-11-06 19:00:51,843 - __main__ - INFO - Workflow will run daily at 18:00
2025-11-06 19:00:51,843 - __main__ - INFO - Running workflow once for testing...
2025-11-06 19:00:51,843 - __main__ - INFO - Starting scheduled workflow execution...
2025-11-06 19:00:51,843 - __main__ - INFO - Attempting to run workflow (attempt 1/5)
2025-11-06 19:00:52,066 - httpx - INFO - HTTP Request: POST https://api.coze.cn/v1/workflow/run "HTTP/1.1 401 Unauthorized"
2025-11-06 19:00:52,066 - __main__ - ERROR - Coze API error on attempt 1: code: 4100, msg: authentication is invalid, logid: 20251106190052E2076D2264858622F877
2025-11-06 19:00:52,066 - __main__ - INFO - Retrying in 60 seconds...
2025-11-06 19:01:52,071 - __main__ - INFO - Attempting to run workflow (attempt 2/5)
2025-11-06 19:01:52,180 - httpx - INFO - HTTP Request: POST https://api.coze.cn/v1/workflow/run "HTTP/1.1 401 Unauthorized"
2025-11-06 19:01:52,181 - __main__ - ERROR - Coze API error on attempt 2: code: 4100, msg: authentication is invalid, logid: 20251106190152B4CB62F7AE32E61DC1C9
2025-11-06 19:01:52,181 - __main__ - INFO - Retrying in 60 seconds...
2025-11-06 19:02:52,187 - __main__ - INFO - Attempting to run workflow (attempt 3/5)
2025-11-06 19:02:52,337 - httpx - INFO - HTTP Request: POST https://api.coze.cn/v1/workflow/run "HTTP/1.1 401 Unauthorized"
2025-11-06 19:02:52,339 - __main__ - ERROR - Coze API error on attempt 3: code: 4100, msg: authentication is invalid, logid: 202511061902520DB2FAAB01DEA0266F56
2025-11-06 19:02:52,339 - __main__ - INFO - Retrying in 60 seconds...
2025-11-06 19:03:52,344 - __main__ - INFO - Attempting to run workflow (attempt 4/5)
2025-11-06 19:03:52,478 - httpx - INFO - HTTP Request: POST https://api.coze.cn/v1/workflow/run "HTTP/1.1 401 Unauthorized"
2025-11-06 19:03:52,479 - __main__ - ERROR - Coze API error on attempt 4: code: 4100, msg: authentication is invalid, logid: 20251106190352C740ACF2BCECE5232B2A
2025-11-06 19:03:52,480 - __main__ - INFO - Retrying in 60 seconds...
2025-11-06 19:04:52,485 - __main__ - INFO - Attempting to run workflow (attempt 5/5)
2025-11-06 19:04:52,611 - httpx - INFO - HTTP Request: POST https://api.coze.cn/v1/workflow/run "HTTP/1.1 401 Unauthorized"
2025-11-06 19:04:52,612 - __main__ - ERROR - Coze API error on attempt 5: code: 4100, msg: authentication is invalid, logid: 202511061904526BCFA1FC4E59EC2113D2
2025-11-06 19:04:52,612 - __main__ - ERROR - Max retries reached. Workflow execution failed.
2025-11-06 19:04:52,612 - __main__ - ERROR - Scheduled workflow failed after all retry attempts.
2025-11-06 19:16:14,004 - __main__ - ERROR - COZE_API_TOKEN environment variable is required
2025-11-06 19:16:20,795 - __main__ - INFO - Starting workflow scheduler...
2025-11-06 19:16:20,795 - __main__ - INFO - Scheduled interval execution every 120 seconds
2025-11-06 19:16:20,795 - __main__ - INFO - Schedule configuration: interval:120
2025-11-06 19:16:20,795 - __main__ - INFO - Timezone: UTC
2025-11-06 19:16:20,795 - __main__ - INFO - Max retries: 5
2025-11-06 19:16:20,795 - __main__ - INFO - Retry delay: 60 seconds
2025-11-06 19:16:20,795 - __main__ - INFO - Running workflow once for testing...
2025-11-06 19:16:20,795 - __main__ - INFO - Starting scheduled workflow execution...
2025-11-06 19:16:20,796 - __main__ - INFO - Attempting to run workflow (attempt 1/5)
2025-11-06 19:16:21,035 - httpx - INFO - HTTP Request: POST https://api.coze.cn/v1/workflow/run "HTTP/1.1 401 Unauthorized"
2025-11-06 19:16:21,036 - __main__ - ERROR - Coze API error on attempt 1: code: 4100, msg: authentication is invalid, logid: 20251106191621281F82122F760924F2EB
2025-11-06 19:16:21,036 - __main__ - INFO - Retrying in 60 seconds...
2025-11-06 19:17:21,039 - __main__ - INFO - Attempting to run workflow (attempt 2/5)
2025-11-06 19:17:21,165 - httpx - INFO - HTTP Request: POST https://api.coze.cn/v1/workflow/run "HTTP/1.1 401 Unauthorized"
2025-11-06 19:17:21,170 - __main__ - ERROR - Coze API error on attempt 2: code: 4100, msg: authentication is invalid, logid: 2025110619172178795F87189AB9257720
2025-11-06 19:17:21,170 - __main__ - INFO - Retrying in 60 seconds...
2025-11-06 19:18:21,175 - __main__ - INFO - Attempting to run workflow (attempt 3/5)
2025-11-06 19:18:21,281 - httpx - INFO - HTTP Request: POST https://api.coze.cn/v1/workflow/run "HTTP/1.1 401 Unauthorized"
2025-11-06 19:18:21,283 - __main__ - ERROR - Coze API error on attempt 3: code: 4100, msg: authentication is invalid, logid: 20251106191821A485C7A9DECFA2231A50
2025-11-06 19:18:21,284 - __main__ - INFO - Retrying in 60 seconds...
2025-11-06 19:18:29,454 - __main__ - INFO - Starting workflow scheduler...
2025-11-06 19:18:29,455 - __main__ - INFO - Scheduled hourly execution at :45
2025-11-06 19:18:29,455 - __main__ - INFO - Schedule configuration: hourly:45
2025-11-06 19:18:29,455 - __main__ - INFO - Timezone: UTC
2025-11-06 19:18:29,455 - __main__ - INFO - Max retries: 5
2025-11-06 19:18:29,455 - __main__ - INFO - Retry delay: 60 seconds
2025-11-06 19:18:29,455 - __main__ - INFO - Running workflow once for testing...
2025-11-06 19:18:29,455 - __main__ - INFO - Starting scheduled workflow execution...
2025-11-06 19:18:29,455 - __main__ - INFO - Attempting to run workflow (attempt 1/5)
2025-11-06 19:18:29,686 - httpx - INFO - HTTP Request: POST https://api.coze.cn/v1/workflow/run "HTTP/1.1 401 Unauthorized"
2025-11-06 19:18:29,686 - __main__ - ERROR - Coze API error on attempt 1: code: 4100, msg: authentication is invalid, logid: 20251106191829C2D0F9C23218422693FC
2025-11-06 19:18:29,686 - __main__ - INFO - Retrying in 60 seconds...
2025-11-06 19:19:02,291 - __main__ - INFO - Starting workflow scheduler...
2025-11-06 19:19:02,292 - __main__ - INFO - Scheduled daily execution at 18:00
2025-11-06 19:19:02,292 - __main__ - INFO - Schedule configuration: daily:18:00
2025-11-06 19:19:02,292 - __main__ - INFO - Timezone: UTC
2025-11-06 19:19:02,292 - __main__ - INFO - Max retries: 5
2025-11-06 19:19:02,292 - __main__ - INFO - Retry delay: 60 seconds
2025-11-06 19:19:02,292 - __main__ - INFO - Running workflow once for testing...
2025-11-06 19:19:02,292 - __main__ - INFO - Starting scheduled workflow execution...
2025-11-06 19:19:02,292 - __main__ - INFO - Attempting to run workflow (attempt 1/5)
2025-11-06 19:19:02,518 - httpx - INFO - HTTP Request: POST https://api.coze.cn/v1/workflow/run "HTTP/1.1 401 Unauthorized"
2025-11-06 19:19:02,519 - __main__ - ERROR - Coze API error on attempt 1: code: 4100, msg: authentication is invalid, logid: 2025110619190209C0E11DAC8B0E290E77
2025-11-06 19:19:02,519 - __main__ - INFO - Retrying in 60 seconds...
2025-11-06 19:19:05,211 - __main__ - INFO - Starting workflow scheduler...
2025-11-06 19:19:05,211 - __main__ - INFO - Scheduled daily execution at 09:30
2025-11-06 19:19:05,211 - __main__ - INFO - Schedule configuration: daily:09:30
2025-11-06 19:19:05,211 - __main__ - INFO - Timezone: UTC
2025-11-06 19:19:05,211 - __main__ - INFO - Max retries: 5
2025-11-06 19:19:05,211 - __main__ - INFO - Retry delay: 60 seconds
2025-11-06 19:19:05,211 - __main__ - INFO - Running workflow once for testing...
2025-11-06 19:19:05,211 - __main__ - INFO - Starting scheduled workflow execution...
2025-11-06 19:19:05,211 - __main__ - INFO - Attempting to run workflow (attempt 1/5)
2025-11-06 19:19:05,488 - httpx - INFO - HTTP Request: POST https://api.coze.cn/v1/workflow/run "HTTP/1.1 401 Unauthorized"
2025-11-06 19:19:05,489 - __main__ - ERROR - Coze API error on attempt 1: code: 4100, msg: authentication is invalid, logid: 2025110619190531EC83066FCF121FF357
2025-11-06 19:19:05,489 - __main__ - INFO - Retrying in 60 seconds...
2025-11-06 19:19:08,232 - __main__ - INFO - Starting workflow scheduler...
2025-11-06 19:19:08,232 - __main__ - INFO - Using cron expression: 0 18 * * *
2025-11-06 19:19:08,232 - __main__ - INFO - Schedule configuration: cron:0 18 * * *
2025-11-06 19:19:08,232 - __main__ - INFO - Timezone: UTC
2025-11-06 19:19:08,232 - __main__ - INFO - Max retries: 5
2025-11-06 19:19:08,233 - __main__ - INFO - Retry delay: 60 seconds
2025-11-06 19:19:08,233 - __main__ - INFO - Running workflow once for testing...
2025-11-06 19:19:08,233 - __main__ - INFO - Starting scheduled workflow execution...
2025-11-06 19:19:08,233 - __main__ - INFO - Attempting to run workflow (attempt 1/5)
2025-11-06 19:19:08,450 - httpx - INFO - HTTP Request: POST https://api.coze.cn/v1/workflow/run "HTTP/1.1 401 Unauthorized"
2025-11-06 19:19:08,451 - __main__ - ERROR - Coze API error on attempt 1: code: 4100, msg: authentication is invalid, logid: 20251106191908D6210FE28DE1F0221799
2025-11-06 19:19:08,451 - __main__ - INFO - Retrying in 60 seconds...
2025-11-06 19:19:11,254 - __main__ - INFO - Starting workflow scheduler...
2025-11-06 19:19:11,254 - __main__ - INFO - Using cron expression: 0 */6 * * *
2025-11-06 19:19:11,254 - __main__ - INFO - Schedule configuration: cron:0 */6 * * *
2025-11-06 19:19:11,254 - __main__ - INFO - Timezone: UTC
2025-11-06 19:19:11,254 - __main__ - INFO - Max retries: 5
2025-11-06 19:19:11,254 - __main__ - INFO - Retry delay: 60 seconds
2025-11-06 19:19:11,254 - __main__ - INFO - Running workflow once for testing...
2025-11-06 19:19:11,254 - __main__ - INFO - Starting scheduled workflow execution...
2025-11-06 19:19:11,254 - __main__ - INFO - Attempting to run workflow (attempt 1/5)
2025-11-06 19:19:11,458 - httpx - INFO - HTTP Request: POST https://api.coze.cn/v1/workflow/run "HTTP/1.1 401 Unauthorized"
2025-11-06 19:19:11,459 - __main__ - ERROR - Coze API error on attempt 1: code: 4100, msg: authentication is invalid, logid: 202511061919112A3002EA3AD10722389F
2025-11-06 19:19:11,459 - __main__ - INFO - Retrying in 60 seconds...
2025-11-06 19:19:14,315 - __main__ - INFO - Starting workflow scheduler...
2025-11-06 19:19:14,315 - __main__ - INFO - Scheduled interval execution every 3600 seconds
2025-11-06 19:19:14,315 - __main__ - INFO - Schedule configuration: interval:3600
2025-11-06 19:19:14,316 - __main__ - INFO - Timezone: UTC
2025-11-06 19:19:14,316 - __main__ - INFO - Max retries: 5
2025-11-06 19:19:14,316 - __main__ - INFO - Retry delay: 60 seconds
2025-11-06 19:19:14,316 - __main__ - INFO - Running workflow once for testing...
2025-11-06 19:19:14,316 - __main__ - INFO - Starting scheduled workflow execution...
2025-11-06 19:19:14,316 - __main__ - INFO - Attempting to run workflow (attempt 1/5)
2025-11-06 19:19:14,566 - httpx - INFO - HTTP Request: POST https://api.coze.cn/v1/workflow/run "HTTP/1.1 401 Unauthorized"
2025-11-06 19:19:14,566 - __main__ - ERROR - Coze API error on attempt 1: code: 4100, msg: authentication is invalid, logid: 2025110619191495BFF24FBA401C27E23A
2025-11-06 19:19:14,566 - __main__ - INFO - Retrying in 60 seconds...
2025-11-06 19:19:17,256 - __main__ - INFO - Starting workflow scheduler...
2025-11-06 19:19:17,256 - __main__ - INFO - Scheduled interval execution every 7200 seconds
2025-11-06 19:19:17,256 - __main__ - INFO - Schedule configuration: interval:7200
2025-11-06 19:19:17,256 - __main__ - INFO - Timezone: UTC
2025-11-06 19:19:17,257 - __main__ - INFO - Max retries: 5
2025-11-06 19:19:17,257 - __main__ - INFO - Retry delay: 60 seconds
2025-11-06 19:19:17,257 - __main__ - INFO - Running workflow once for testing...
2025-11-06 19:19:17,257 - __main__ - INFO - Starting scheduled workflow execution...
2025-11-06 19:19:17,257 - __main__ - INFO - Attempting to run workflow (attempt 1/5)
2025-11-06 19:19:17,466 - httpx - INFO - HTTP Request: POST https://api.coze.cn/v1/workflow/run "HTTP/1.1 401 Unauthorized"
2025-11-06 19:19:17,466 - __main__ - ERROR - Coze API error on attempt 1: code: 4100, msg: authentication is invalid, logid: 2025110619191770F08D5EB5AC22259825
2025-11-06 19:19:17,466 - __main__ - INFO - Retrying in 60 seconds...
2025-11-06 19:19:20,254 - __main__ - INFO - Starting workflow scheduler...
2025-11-06 19:19:20,255 - __main__ - INFO - Scheduled hourly execution at :00
2025-11-06 19:19:20,255 - __main__ - INFO - Schedule configuration: hourly:00
2025-11-06 19:19:20,255 - __main__ - INFO - Timezone: UTC
2025-11-06 19:19:20,255 - __main__ - INFO - Max retries: 5
2025-11-06 19:19:20,255 - __main__ - INFO - Retry delay: 60 seconds
2025-11-06 19:19:20,255 - __main__ - INFO - Running workflow once for testing...
2025-11-06 19:19:20,255 - __main__ - INFO - Starting scheduled workflow execution...
2025-11-06 19:19:20,255 - __main__ - INFO - Attempting to run workflow (attempt 1/5)
2025-11-06 19:19:20,463 - httpx - INFO - HTTP Request: POST https://api.coze.cn/v1/workflow/run "HTTP/1.1 401 Unauthorized"
2025-11-06 19:19:20,464 - __main__ - ERROR - Coze API error on attempt 1: code: 4100, msg: authentication is invalid, logid: 2025110619192050DA27DE5BC02C1E653A
2025-11-06 19:19:20,464 - __main__ - INFO - Retrying in 60 seconds...
2025-11-06 19:19:21,287 - __main__ - INFO - Attempting to run workflow (attempt 4/5)
2025-11-06 19:19:21,504 - httpx - INFO - HTTP Request: POST https://api.coze.cn/v1/workflow/run "HTTP/1.1 401 Unauthorized"
2025-11-06 19:19:21,505 - __main__ - ERROR - Coze API error on attempt 4: code: 4100, msg: authentication is invalid, logid: 2025110619192123EB50CC28D01B27195B
2025-11-06 19:19:21,505 - __main__ - INFO - Retrying in 60 seconds...
2025-11-06 19:19:23,268 - __main__ - INFO - Starting workflow scheduler...
2025-11-06 19:19:23,268 - __main__ - INFO - Scheduled hourly execution at :30
2025-11-06 19:19:23,268 - __main__ - INFO - Schedule configuration: hourly:30
2025-11-06 19:19:23,268 - __main__ - INFO - Timezone: UTC
2025-11-06 19:19:23,268 - __main__ - INFO - Max retries: 5
2025-11-06 19:19:23,268 - __main__ - INFO - Retry delay: 60 seconds
2025-11-06 19:19:23,268 - __main__ - INFO - Running workflow once for testing...
2025-11-06 19:19:23,268 - __main__ - INFO - Starting scheduled workflow execution...
2025-11-06 19:19:23,268 - __main__ - INFO - Attempting to run workflow (attempt 1/5)
2025-11-06 19:19:23,471 - httpx - INFO - HTTP Request: POST https://api.coze.cn/v1/workflow/run "HTTP/1.1 401 Unauthorized"
2025-11-06 19:19:23,472 - __main__ - ERROR - Coze API error on attempt 1: code: 4100, msg: authentication is invalid, logid: 20251106191923F5E7EC9FD59CF5203B12
2025-11-06 19:19:23,472 - __main__ - INFO - Retrying in 60 seconds...
2025-11-06 19:19:26,295 - __main__ - INFO - Starting workflow scheduler...
2025-11-06 19:19:26,296 - __main__ - INFO - Scheduled weekly execution on monday at 18:00
2025-11-06 19:19:26,296 - __main__ - INFO - Schedule configuration: weekly:monday:18:00
2025-11-06 19:19:26,296 - __main__ - INFO - Timezone: UTC
2025-11-06 19:19:26,296 - __main__ - INFO - Max retries: 5
2025-11-06 19:19:26,296 - __main__ - INFO - Retry delay: 60 seconds
2025-11-06 19:19:26,296 - __main__ - INFO - Running workflow once for testing...
2025-11-06 19:19:26,296 - __main__ - INFO - Starting scheduled workflow execution...
2025-11-06 19:19:26,296 - __main__ - INFO - Attempting to run workflow (attempt 1/5)
2025-11-06 19:19:26,509 - httpx - INFO - HTTP Request: POST https://api.coze.cn/v1/workflow/run "HTTP/1.1 401 Unauthorized"
2025-11-06 19:19:26,509 - __main__ - ERROR - Coze API error on attempt 1: code: 4100, msg: authentication is invalid, logid: 202511061919265CDC6029E7E7E023A36E
2025-11-06 19:19:26,509 - __main__ - INFO - Retrying in 60 seconds...
2025-11-06 19:19:29,267 - __main__ - INFO - Starting workflow scheduler...
2025-11-06 19:19:29,267 - __main__ - INFO - Scheduled weekly execution on friday at 09:00
2025-11-06 19:19:29,267 - __main__ - INFO - Schedule configuration: weekly:friday:09:00
2025-11-06 19:19:29,267 - __main__ - INFO - Timezone: UTC
2025-11-06 19:19:29,267 - __main__ - INFO - Max retries: 5
2025-11-06 19:19:29,267 - __main__ - INFO - Retry delay: 60 seconds
2025-11-06 19:19:29,267 - __main__ - INFO - Running workflow once for testing...
2025-11-06 19:19:29,267 - __main__ - INFO - Starting scheduled workflow execution...
2025-11-06 19:19:29,268 - __main__ - INFO - Attempting to run workflow (attempt 1/5)
2025-11-06 19:19:29,478 - httpx - INFO - HTTP Request: POST https://api.coze.cn/v1/workflow/run "HTTP/1.1 401 Unauthorized"
2025-11-06 19:19:29,478 - __main__ - ERROR - Coze API error on attempt 1: code: 4100, msg: authentication is invalid, logid: 20251106191929A484A1E9C55305253A1A
2025-11-06 19:19:29,478 - __main__ - INFO - Retrying in 60 seconds...
2025-11-06 19:19:32,272 - __main__ - INFO - Starting workflow scheduler...
2025-11-06 19:19:32,272 - __main__ - INFO - Scheduled monthly execution on day 1 at 18:00
2025-11-06 19:19:32,272 - __main__ - INFO - Schedule configuration: monthly:1:18:00
2025-11-06 19:19:32,272 - __main__ - INFO - Timezone: UTC
2025-11-06 19:19:32,272 - __main__ - INFO - Max retries: 5
2025-11-06 19:19:32,272 - __main__ - INFO - Retry delay: 60 seconds
2025-11-06 19:19:32,272 - __main__ - INFO - Running workflow once for testing...
2025-11-06 19:19:32,272 - __main__ - INFO - Starting scheduled workflow execution...
2025-11-06 19:19:32,272 - __main__ - INFO - Attempting to run workflow (attempt 1/5)
2025-11-06 19:19:32,489 - httpx - INFO - HTTP Request: POST https://api.coze.cn/v1/workflow/run "HTTP/1.1 401 Unauthorized"
2025-11-06 19:19:32,489 - __main__ - ERROR - Coze API error on attempt 1: code: 4100, msg: authentication is invalid, logid: 2025110619193273323B9781E041278282
2025-11-06 19:19:32,489 - __main__ - INFO - Retrying in 60 seconds...
2025-11-06 19:19:35,285 - __main__ - INFO - Starting workflow scheduler...
2025-11-06 19:19:35,285 - __main__ - INFO - Scheduled monthly execution on day 15 at 09:00
2025-11-06 19:19:35,285 - __main__ - INFO - Schedule configuration: monthly:15:09:00
2025-11-06 19:19:35,285 - __main__ - INFO - Timezone: UTC
2025-11-06 19:19:35,285 - __main__ - INFO - Max retries: 5
2025-11-06 19:19:35,285 - __main__ - INFO - Retry delay: 60 seconds
2025-11-06 19:19:35,285 - __main__ - INFO - Running workflow once for testing...
2025-11-06 19:19:35,285 - __main__ - INFO - Starting scheduled workflow execution...
2025-11-06 19:19:35,286 - __main__ - INFO - Attempting to run workflow (attempt 1/5)
2025-11-06 19:19:35,501 - httpx - INFO - HTTP Request: POST https://api.coze.cn/v1/workflow/run "HTTP/1.1 401 Unauthorized"
2025-11-06 19:19:35,501 - __main__ - ERROR - Coze API error on attempt 1: code: 4100, msg: authentication is invalid, logid: 20251106191935BE0B2BB20F14DD2858A2
2025-11-06 19:19:35,502 - __main__ - INFO - Retrying in 60 seconds...
2025-11-06 19:20:21,507 - __main__ - INFO - Attempting to run workflow (attempt 5/5)
2025-11-06 19:20:21,610 - httpx - INFO - HTTP Request: POST https://api.coze.cn/v1/workflow/run "HTTP/1.1 401 Unauthorized"
2025-11-06 19:20:21,612 - __main__ - ERROR - Coze API error on attempt 5: code: 4100, msg: authentication is invalid, logid: 202511061920211D22BC6D4528A027BA15
2025-11-06 19:20:21,612 - __main__ - ERROR - Max retries reached. Workflow execution failed.
2025-11-06 19:20:21,612 - __main__ - ERROR - Scheduled workflow failed after all retry attempts.
2025-11-06 19:20:21,613 - __main__ - INFO - Starting scheduled workflow execution...
2025-11-06 19:20:21,613 - __main__ - INFO - Attempting to run workflow (attempt 1/5)
2025-11-06 19:20:21,656 - httpx - INFO - HTTP Request: POST https://api.coze.cn/v1/workflow/run "HTTP/1.1 401 Unauthorized"
2025-11-06 19:20:21,658 - __main__ - ERROR - Coze API error on attempt 1: code: 4100, msg: authentication is invalid, logid: 202511061920210123C60B88162924C340
2025-11-06 19:20:21,658 - __main__ - INFO - Retrying in 60 seconds...
2025-11-06 19:21:21,659 - __main__ - INFO - Attempting to run workflow (attempt 2/5)
2025-11-06 19:21:21,767 - httpx - INFO - HTTP Request: POST https://api.coze.cn/v1/workflow/run "HTTP/1.1 401 Unauthorized"
2025-11-06 19:21:21,768 - __main__ - ERROR - Coze API error on attempt 2: code: 4100, msg: authentication is invalid, logid: 2025110619212105F44A9CF122292745E2
2025-11-06 19:21:21,768 - __main__ - INFO - Retrying in 60 seconds...
